time="2021-04-08T18:05:03+08:00" level=info Agent="Mozilla/5.0 (Windows NT 10.0; WOW64) AppleWebKit/537.36 (KHTML, like Gecko) Chrome/89.0.4389.90 Safari/537.36" DataSize=0 HostName=DESKTOP-H83SQD6 Ip="::1" Method=OPTIONS Path=/api/v1/user/info SpendTime="0 ms" status=204
time="2021-04-08T18:05:03+08:00" level=info Agent="Mozilla/5.0 (Windows NT 10.0; WOW64) AppleWebKit/537.36 (KHTML, like Gecko) Chrome/89.0.4389.90 Safari/537.36" DataSize=35 HostName=DESKTOP-H83SQD6 Ip="::1" Method=GET Path=/api/v1/user/info SpendTime="0 ms" status=200
time="2021-04-08T18:04:45+08:00" level=info Agent="Mozilla/5.0 (Windows NT 10.0; WOW64) AppleWebKit/537.36 (KHTML, like Gecko) Chrome/89.0.4389.90 Safari/537.36" DataSize=0 HostName=DESKTOP-H83SQD6 Ip="::1" Method=OPTIONS Path=/api/v1/user/info SpendTime="0 ms" status=204
time="2021-04-08T18:04:45+08:00" level=error Agent="Mozilla/5.0 (Windows NT 10.0; WOW64) AppleWebKit/537.36 (KHTML, like Gecko) Chrome/89.0.4389.90 Safari/537.36" DataSize=0 HostName=DESKTOP-H83SQD6 Ip="::1" Method=GET Path=/api/v1/user/info SpendTime="2 ms" status=500
2021-04-08T17:33:36+08:00" level=info Agent="Mozilla/5.0 (Windows NT 10.0; WOW64) AppleWebKit/537.36 (KHTML, like Gecko) Chrome/89.0.4389.90 Safari/537.36" DataSize=0 HostName=DESKTOP-H83SQD6 Ip="::1" Method=OPTIONS Path=/api/v1/user/info SpendTime="0 ms" status=204
time="2021-04-08T17:33:36+08:00" level=info Agent="Mozilla/5.0 (Windows NT 10.0; WOW64) AppleWebKit/537.36 (KHTML, like Gecko) Chrome/89.0.4389.90 Safari/537.36" DataSize=36 HostName=DESKTOP-H83SQD6 Ip="::1" Method=GET Path=/api/v1/user/info SpendTime="1 ms" status=200
time="2021-04-08T17:33:36+08:00" level=info Agent="Mozilla/5.0 (Windows NT 10.0; WOW64) AppleWebKit/537.36 (KHTML, like Gecko) Chrome/89.0.4389.90 Safari/537.36" DataSize=0 HostName=DESKTOP-H83SQD6 Ip="::1" Method=OPTIONS Path=/login/logout SpendTime="0 ms" status=204
time="2021-04-08T17:33:36+08:00" level=warning Agent="Mozilla/5.0 (Windows NT 10.0; WOW64) AppleWebKit/537.36 (KHTML, like Gecko) Chrome/89.0.4389.90 Safari/537.36" DataSize=0 HostName=DESKTOP-H83SQD6 Ip="::1" Method=GET Path=/login/logout SpendTime="0 ms" status=404
time="2021-04-08T17:37:36+08:00" level=info Agent="Mozilla/5.0 (Windows NT 10.0; WOW64) AppleWebKit/537.36 (KHTML, like Gecko) Chrome/89.0.4389.90 Safari/537.36" DataSize=0 HostName=DESKTOP-H83SQD6 Ip="::1" Method=OPTIONS Path=/api/v1/user/info SpendTime="0 ms" status=204
time="2021-04-08T17:37:36+08:00" level=info Agent="Mozilla/5.0 (Windows NT 10.0; WOW64) AppleWebKit/537.36 (KHTML, like Gecko) Chrome/89.0.4389.90 Safari/537.36" DataSize=36 HostName=DESKTOP-H83SQD6 Ip="::1" Method=GET Path=/api/v1/user/info SpendTime="3 ms" status=200
time="2021-04-08T17:40:32+08:00" level=info Agent="Mozilla/5.0 (Windows NT 10.0; WOW64) AppleWebKit/537.36 (KHTML, like Gecko) Chrome/89.0.4389.90 Safari/537.36" DataSize=0 HostName=DESKTOP-H83SQD6 Ip="::1" Method=OPTIONS Path=/api/v1/user/info SpendTime="0 ms" status=204
time="2021-04-08T17:40:32+08:00" level=error Agent="Mozilla/5.0 (Windows NT 10.0; WOW64) AppleWebKit/537.36 (KHTML, like Gecko) Chrome/89.0.4389.90 Safari/537.36" DataSize=0 HostName=DESKTOP-H83SQD6 Ip="::1" Method=GET Path=/api/v1/user/info SpendTime="1 ms" status=500
ms" status=200
1-04-01T14:25:38+08:00" level=info Agent="Mozilla/5.0 (Windows NT 10.0; WOW64) AppleWebKit/537.36 (KHTML, like Gecko) Chrome/89.0.4389.90 Safari/537.36" DataSize=0 HostName=DESKTOP-H83SQD6 Ip="::1" Method=OPTIONS Path=/api/v1/login SpendTime="0 ms" status=204
time="2021-04-01T14:25:38+08:00" level=info Agent="Mozilla/5.0 (Windows NT 10.0; WOW64) AppleWebKit/537.36 (KHTML, like Gecko) Chrome/89.0.4389.90 Safari/537.36" DataSize=50 HostName=DESKTOP-H83SQD6 Ip="::1" Method=POST Path=/api/v1/login SpendTime="2 ms" status=200
time="2021-04-01T14:26:09+08:00" level=info Agent="Mozilla/5.0 (Windows NT 10.0; WOW64) AppleWebKit/537.36 (KHTML, like Gecko) Chrome/89.0.4389.90 Safari/537.36" DataSize=0 HostName=DESKTOP-H83SQD6 Ip="::1" Method=OPTIONS Path=/api/v1/user/add SpendTime="0 ms" status=204
time="2021-04-01T14:26:09+08:00" level=info Agent="Mozilla/5.0 (Windows NT 10.0; WOW64) AppleWebKit/537.36 (KHTML, like Gecko) Chrome/89.0.4389.90 Safari/537.36" DataSize=39 HostName=DESKTOP-H83SQD6 Ip="::1" Method=POST Path=/api/v1/user/add SpendTime="3 ms" status=200
time="2021-04-01T14:26:17+08:00" level=info Agent="Mozilla/5.0 (Windows NT 10.0; WOW64) AppleWebKit/537.36 (KHTML, like Gecko) Chrome/89.0.4389.90 Safari/537.36" DataSize=0 HostName=DESKTOP-H83SQD6 Ip="::1" Method=OPTIONS Path=/api/v1/login SpendTime="0 ms" status=204
time="2021-04-01T14:26:17+08:00" level=info Agent="Mozilla/5.0 (Windows NT 10.0; WOW64) AppleWebKit/537.36 (KHTML, like Gecko) Chrome/89.0.4389.90 Safari/537.36" DataSize=50 HostName=DESKTOP-H83SQD6 Ip="::1" Method=POST Path=/api/v1/login SpendTime="1 ms" status=200
time="2021-04-01T14:27:22+08:00" level=info Agent="Mozilla/5.0 (Windows NT 10.0; WOW64) AppleWebKit/537.36 (KHTML, like Gecko) Chrome/89.0.4389.90 Safari/537.36" DataSize=0 HostName=DESKTOP-H83SQD6 Ip="::1" Method=OPTIONS Path=/api/v1/login SpendTime="0 ms" status=204
time="2021-04-01T14:27:22+08:00" level=info Agent="Mozilla/5.0 (Windows NT 10.0; WOW64) AppleWebKit/537.36 (KHTML, like Gecko) Chrome/89.0.4389.90 Safari/537.36" DataSize=50 HostName=DESKTOP-H83SQD6 Ip="::1" Method=POST Path=/api/v1/login SpendTime="1 ms" status=200
time="2021-04-01T14:27:34+08:00" level=info Agent="Mozilla/5.0 (Windows NT 10.0; WOW64) AppleWebKit/537.36 (KHTML, like Gecko) Chrome/89.0.4389.90 Safari/537.36" DataSize=0 HostName=DESKTOP-H83SQD6 Ip="::1" Method=OPTIONS Path=/api/v1/user/add SpendTime="0 ms" status=204
time="2021-04-01T14:27:34+08:00" level=info Agent="Mozilla/5.0 (Windows NT 10.0; WOW64) AppleWebKit/537.36 (KHTML, like Gecko) Chrome/89.0.4389.90 Safari/537.36" DataSize=39 HostName=DESKTOP-H83SQD6 Ip="::1" Method=POST Path=/api/v1/user/add SpendTime="13 ms" status=200
