time="2021-04-07 21:28:32" level=info Agent="Mozilla/5.0 (Windows NT 10.0; Win64; x64) AppleWebKit/537.36 (KHTML, like Gecko) Chrome/90.0.4430.11 Safari/537.36" DataSize=0 HostName=DESKTOP-6CVE2DL Ip="::1" Method=OPTIONS Path=/api/v1/user/add SpendTime="0 ms" status=204
time="2021-04-07 21:28:33" level=info Agent="Mozilla/5.0 (Windows NT 10.0; Win64; x64) AppleWebKit/537.36 (KHTML, like Gecko) Chrome/90.0.4430.11 Safari/537.36" DataSize=44 HostName=DESKTOP-6CVE2DL Ip="::1" Method=POST Path=/api/v1/user/add SpendTime="0 ms" status=200
time="2021-04-07 21:29:22" level=info Agent="Mozilla/5.0 (Windows NT 10.0; Win64; x64) AppleWebKit/537.36 (KHTML, like Gecko) Chrome/90.0.4430.11 Safari/537.36" DataSize=0 HostName=DESKTOP-6CVE2DL Ip="::1" Method=OPTIONS Path=/api/v1/user/add SpendTime="0 ms" status=204
time="2021-04-07 21:29:22" level=info Agent="Mozilla/5.0 (Windows NT 10.0; Win64; x64) AppleWebKit/537.36 (KHTML, like Gecko) Chrome/90.0.4430.11 Safari/537.36" DataSize=44 HostName=DESKTOP-6CVE2DL Ip="::1" Method=POST Path=/api/v1/user/add SpendTime="1 ms" status=200
time="2021-04-07 21:29:39" level=info Agent="Mozilla/5.0 (Windows NT 10.0; Win64; x64) AppleWebKit/537.36 (KHTML, like Gecko) Chrome/90.0.4430.11 Safari/537.36" DataSize=0 HostName=DESKTOP-6CVE2DL Ip="::1" Method=OPTIONS Path=/api/v1/user/add SpendTime="0 ms" status=204
time="2021-04-07 21:29:39" level=info Agent="Mozilla/5.0 (Windows NT 10.0; Win64; x64) AppleWebKit/537.36 (KHTML, like Gecko) Chrome/90.0.4430.11 Safari/537.36" DataSize=44 HostName=DESKTOP-6CVE2DL Ip="::1" Method=POST Path=/api/v1/user/add SpendTime="0 ms" status=200
time="2021-04-07 21:29:50" level=info Agent="Mozilla/5.0 (Windows NT 10.0; Win64; x64) AppleWebKit/537.36 (KHTML, like Gecko) Chrome/90.0.4430.11 Safari/537.36" DataSize=0 HostName=DESKTOP-6CVE2DL Ip="::1" Method=OPTIONS Path=/api/v1/user/add SpendTime="0 ms" status=204
time="2021-04-07 21:29:50" level=info Agent="Mozilla/5.0 (Windows NT 10.0; Win64; x64) AppleWebKit/537.36 (KHTML, like Gecko) Chrome/90.0.4430.11 Safari/537.36" DataSize=44 HostName=DESKTOP-6CVE2DL Ip="::1" Method=POST Path=/api/v1/user/add SpendTime="0 ms" status=200
time="2021-04-07 21:30:35" level=info Agent="Mozilla/5.0 (Windows NT 10.0; Win64; x64) AppleWebKit/537.36 (KHTML, like Gecko) Chrome/90.0.4430.11 Safari/537.36" DataSize=0 HostName=DESKTOP-6CVE2DL Ip="::1" Method=OPTIONS Path=/api/v1/user/add SpendTime="0 ms" status=204
time="2021-04-07 21:30:36" level=info Agent="Mozilla/5.0 (Windows NT 10.0; Win64; x64) AppleWebKit/537.36 (KHTML, like Gecko) Chrome/90.0.4430.11 Safari/537.36" DataSize=25 HostName=DESKTOP-6CVE2DL Ip="::1" Method=POST Path=/api/v1/user/add SpendTime="202 ms" status=200
time="2021-04-07 21:30:46" level=info Agent="Mozilla/5.0 (Windows NT 10.0; Win64; x64) AppleWebKit/537.36 (KHTML, like Gecko) Chrome/90.0.4430.11 Safari/537.36" DataSize=0 HostName=DESKTOP-6CVE2DL Ip="::1" Method=OPTIONS Path=/api/v1/login SpendTime="0 ms" status=204
time="2021-04-07 21:30:46" level=info Agent="Mozilla/5.0 (Windows NT 10.0; Win64; x64) AppleWebKit/537.36 (KHTML, like Gecko) Chrome/90.0.4430.11 Safari/537.36" DataSize=53 HostName=DESKTOP-6CVE2DL Ip="::1" Method=POST Path=/api/v1/login SpendTime="92 ms" status=200
time="2021-04-07 21:55:50" level=info Agent="Mozilla/5.0 (Windows NT 10.0; Win64; x64) AppleWebKit/537.36 (KHTML, like Gecko) Chrome/90.0.4430.11 Safari/537.36" DataSize=0 HostName=DESKTOP-6CVE2DL Ip="::1" Method=OPTIONS Path=/api/v1/login SpendTime="0 ms" status=204
time="2021-04-07 21:55:50" level=info Agent="Mozilla/5.0 (Windows NT 10.0; Win64; x64) AppleWebKit/537.36 (KHTML, like Gecko) Chrome/90.0.4430.11 Safari/537.36" DataSize=200 HostName=DESKTOP-6CVE2DL Ip="::1" Method=POST Path=/api/v1/login SpendTime="111 ms" status=200
time="2021-04-07 21:55:52" level=info Agent="Mozilla/5.0 (Windows NT 10.0; Win64; x64) AppleWebKit/537.36 (KHTML, like Gecko) Chrome/90.0.4430.11 Safari/537.36" DataSize=200 HostName=DESKTOP-6CVE2DL Ip="::1" Method=POST Path=/api/v1/login SpendTime="82 ms" status=200
time="2021-04-07 21:55:51" level=info Agent="Mozilla/5.0 (Windows NT 10.0; Win64; x64) AppleWebKit/537.36 (KHTML, like Gecko) Chrome/90.0.4430.11 Safari/537.36" DataSize=200 HostName=DESKTOP-6CVE2DL Ip="::1" Method=POST Path=/api/v1/login SpendTime="89 ms" status=200
time="2021-04-07 21:58:27" level=info Agent="Mozilla/5.0 (Windows NT 10.0; Win64; x64) AppleWebKit/537.36 (KHTML, like Gecko) Chrome/90.0.4430.11 Safari/537.36" DataSize=0 HostName=DESKTOP-6CVE2DL Ip="::1" Method=OPTIONS Path=/api/v1/login SpendTime="0 ms" status=204
time="2021-04-07 21:58:27" level=info Agent="Mozilla/5.0 (Windows NT 10.0; Win64; x64) AppleWebKit/537.36 (KHTML, like Gecko) Chrome/90.0.4430.11 Safari/537.36" DataSize=200 HostName=DESKTOP-6CVE2DL Ip="::1" Method=POST Path=/api/v1/login SpendTime="115 ms" status=200
time="2021-04-07 22:03:01" level=info Agent="Mozilla/5.0 (Windows NT 10.0; Win64; x64) AppleWebKit/537.36 (KHTML, like Gecko) Chrome/90.0.4430.11 Safari/537.36" DataSize=0 HostName=DESKTOP-6CVE2DL Ip="::1" Method=OPTIONS Path=/api/v1/login SpendTime="0 ms" status=204
time="2021-04-07 22:03:01" level=info Agent="Mozilla/5.0 (Windows NT 10.0; Win64; x64) AppleWebKit/537.36 (KHTML, like Gecko) Chrome/90.0.4430.11 Safari/537.36" DataSize=200 HostName=DESKTOP-6CVE2DL Ip="::1" Method=POST Path=/api/v1/login SpendTime="115 ms" status=200
time="2021-04-07 22:19:03" level=info Agent="ApiPOST Runtime +https://www.apipost.cn" DataSize=200 HostName=DESKTOP-6CVE2DL Ip="::1" Method=POST Path=/api/v1/login SpendTime="84 ms" status=200
time="2021-04-07 22:19:31" level=info Agent="ApiPOST Runtime +https://www.apipost.cn" DataSize=36 HostName=DESKTOP-6CVE2DL Ip="::1" Method=GET Path="/api/v1/users?pagenum=1&pagesize=3" SpendTime="0 ms" status=200
time="2021-04-07 22:20:54" level=info Agent="ApiPOST Runtime +https://www.apipost.cn" DataSize=36 HostName=DESKTOP-6CVE2DL Ip="::1" Method=GET Path="/api/v1/users?pagenum=1&pagesize=3" SpendTime="0 ms" status=200
time="2021-04-07 22:21:09" level=info Agent="ApiPOST Runtime +https://www.apipost.cn" DataSize=36 HostName=DESKTOP-6CVE2DL Ip="::1" Method=GET Path="/api/v1/users?pagenum=1&pagesize=3" SpendTime="0 ms" status=200
time="2021-04-07 22:21:46" level=info Agent="ApiPOST Runtime +https://www.apipost.cn" DataSize=394 HostName=DESKTOP-6CVE2DL Ip="::1" Method=GET Path="/api/v1/users?pagenum=1&pagesize=3" SpendTime="11 ms" status=200
time="2021-04-07 22:23:07" level=info Agent="ApiPOST Runtime +https://www.apipost.cn" DataSize=394 HostName=DESKTOP-6CVE2DL Ip="::1" Method=GET Path="/api/v1/users?pagenum=1&pagesize=3" SpendTime="3 ms" status=200
time="2021-04-07 22:38:01" level=warning Agent="ApiPOST Runtime +https://www.apipost.cn" DataSize=0 HostName=DESKTOP-6CVE2DL Ip="::1" Method=POST Path=/api/v1/user/info SpendTime="0 ms" status=404
time="2021-04-07 22:38:31" level=warning Agent="ApiPOST Runtime +https://www.apipost.cn" DataSize=0 HostName=DESKTOP-6CVE2DL Ip="::1" Method=POST Path=/api/v1/user/info SpendTime="0 ms" status=404
time="2021-04-07 22:38:34" level=info Agent="ApiPOST Runtime +https://www.apipost.cn" DataSize=210 HostName=DESKTOP-6CVE2DL Ip="::1" Method=GET Path=/api/v1/user/info SpendTime="9 ms" status=200
time="2021-04-07 22:43:38" level=info Agent="ApiPOST Runtime +https://www.apipost.cn" DataSize=350 HostName=DESKTOP-6CVE2DL Ip="::1" Method=GET Path=/api/v1/user/info SpendTime="2 ms" status=200
time="2021-04-07 23:02:01" level=info Agent="Mozilla/5.0 (Windows NT 10.0; Win64; x64) AppleWebKit/537.36 (KHTML, like Gecko) Chrome/90.0.4430.11 Safari/537.36" DataSize=0 HostName=DESKTOP-6CVE2DL Ip="::1" Method=OPTIONS Path=/api/v1/login SpendTime="0 ms" status=204
time="2021-04-07 23:02:01" level=info Agent="Mozilla/5.0 (Windows NT 10.0; Win64; x64) AppleWebKit/537.36 (KHTML, like Gecko) Chrome/90.0.4430.11 Safari/537.36" DataSize=200 HostName=DESKTOP-6CVE2DL Ip="::1" Method=POST Path=/api/v1/login SpendTime="88 ms" status=200
time="2021-04-07 23:02:02" level=info Agent="Mozilla/5.0 (Windows NT 10.0; Win64; x64) AppleWebKit/537.36 (KHTML, like Gecko) Chrome/90.0.4430.11 Safari/537.36" DataSize=0 HostName=DESKTOP-6CVE2DL Ip="::1" Method=OPTIONS Path=/user/info SpendTime="0 ms" status=204
time="2021-04-07 23:02:02" level=warning Agent="Mozilla/5.0 (Windows NT 10.0; Win64; x64) AppleWebKit/537.36 (KHTML, like Gecko) Chrome/90.0.4430.11 Safari/537.36" DataSize=0 HostName=DESKTOP-6CVE2DL Ip="::1" Method=GET Path=/user/info SpendTime="0 ms" status=404
time="2021-04-07 23:02:38" level=info Agent="Mozilla/5.0 (Windows NT 10.0; Win64; x64) AppleWebKit/537.36 (KHTML, like Gecko) Chrome/90.0.4430.11 Safari/537.36" DataSize=0 HostName=DESKTOP-6CVE2DL Ip="::1" Method=OPTIONS Path=/api/v1/login SpendTime="0 ms" status=204
time="2021-04-07 23:02:38" level=info Agent="Mozilla/5.0 (Windows NT 10.0; Win64; x64) AppleWebKit/537.36 (KHTML, like Gecko) Chrome/90.0.4430.11 Safari/537.36" DataSize=200 HostName=DESKTOP-6CVE2DL Ip="::1" Method=POST Path=/api/v1/login SpendTime="108 ms" status=200
time="2021-04-07 23:02:39" level=info Agent="Mozilla/5.0 (Windows NT 10.0; Win64; x64) AppleWebKit/537.36 (KHTML, like Gecko) Chrome/90.0.4430.11 Safari/537.36" DataSize=0 HostName=DESKTOP-6CVE2DL Ip="::1" Method=OPTIONS Path=/user/info SpendTime="0 ms" status=204
time="2021-04-07 23:02:39" level=warning Agent="Mozilla/5.0 (Windows NT 10.0; Win64; x64) AppleWebKit/537.36 (KHTML, like Gecko) Chrome/90.0.4430.11 Safari/537.36" DataSize=0 HostName=DESKTOP-6CVE2DL Ip="::1" Method=GET Path=/user/info SpendTime="0 ms" status=404
time="2021-04-07 23:03:55" level=info Agent="Mozilla/5.0 (Windows NT 10.0; Win64; x64) AppleWebKit/537.36 (KHTML, like Gecko) Chrome/90.0.4430.11 Safari/537.36" DataSize=0 HostName=DESKTOP-6CVE2DL Ip="::1" Method=OPTIONS Path=/api/user/info SpendTime="0 ms" status=204
time="2021-04-07 23:03:55" level=warning Agent="Mozilla/5.0 (Windows NT 10.0; Win64; x64) AppleWebKit/537.36 (KHTML, like Gecko) Chrome/90.0.4430.11 Safari/537.36" DataSize=0 HostName=DESKTOP-6CVE2DL Ip="::1" Method=GET Path=/api/user/info SpendTime="0 ms" status=404
time="2021-04-07 23:04:20" level=info Agent="Mozilla/5.0 (Windows NT 10.0; Win64; x64) AppleWebKit/537.36 (KHTML, like Gecko) Chrome/90.0.4430.11 Safari/537.36" DataSize=0 HostName=DESKTOP-6CVE2DL Ip="::1" Method=OPTIONS Path=/api/v1/user/info SpendTime="0 ms" status=204
time="2021-04-07 23:04:20" level=info Agent="Mozilla/5.0 (Windows NT 10.0; Win64; x64) AppleWebKit/537.36 (KHTML, like Gecko) Chrome/90.0.4430.11 Safari/537.36" DataSize=350 HostName=DESKTOP-6CVE2DL Ip="::1" Method=GET Path=/api/v1/user/info SpendTime="13 ms" status=200
time="2021-04-07 23:05:06" level=info Agent="Mozilla/5.0 (Windows NT 10.0; Win64; x64) AppleWebKit/537.36 (KHTML, like Gecko) Chrome/90.0.4430.11 Safari/537.36" DataSize=0 HostName=DESKTOP-6CVE2DL Ip="::1" Method=OPTIONS Path=/api/v1/user/info SpendTime="0 ms" status=204
time="2021-04-07 23:05:06" level=info Agent="Mozilla/5.0 (Windows NT 10.0; Win64; x64) AppleWebKit/537.36 (KHTML, like Gecko) Chrome/90.0.4430.11 Safari/537.36" DataSize=350 HostName=DESKTOP-6CVE2DL Ip="::1" Method=GET Path=/api/v1/user/info SpendTime="17 ms" status=200
time="2021-04-07 23:13:37" level=info Agent="Mozilla/5.0 (Windows NT 10.0; Win64; x64) AppleWebKit/537.36 (KHTML, like Gecko) Chrome/90.0.4430.11 Safari/537.36" DataSize=0 HostName=DESKTOP-6CVE2DL Ip="::1" Method=OPTIONS Path=/api/v1/user/info SpendTime="1 ms" status=204
time="2021-04-07 23:13:37" level=info Agent="Mozilla/5.0 (Windows NT 10.0; Win64; x64) AppleWebKit/537.36 (KHTML, like Gecko) Chrome/90.0.4430.11 Safari/537.36" DataSize=353 HostName=DESKTOP-6CVE2DL Ip="::1" Method=GET Path=/api/v1/user/info SpendTime="2 ms" status=200
time="2021-04-07 23:13:55" level=info Agent="Mozilla/5.0 (Windows NT 10.0; Win64; x64) AppleWebKit/537.36 (KHTML, like Gecko) Chrome/90.0.4430.11 Safari/537.36" DataSize=0 HostName=DESKTOP-6CVE2DL Ip="::1" Method=OPTIONS Path=/api/v1/user/info SpendTime="0 ms" status=204
time="2021-04-07 23:13:55" level=info Agent="Mozilla/5.0 (Windows NT 10.0; Win64; x64) AppleWebKit/537.36 (KHTML, like Gecko) Chrome/90.0.4430.11 Safari/537.36" DataSize=353 HostName=DESKTOP-6CVE2DL Ip="::1" Method=GET Path=/api/v1/user/info SpendTime="18 ms" status=200
time="2021-04-07 23:14:25" level=info Agent="Mozilla/5.0 (Windows NT 10.0; Win64; x64) AppleWebKit/537.36 (KHTML, like Gecko) Chrome/90.0.4430.11 Safari/537.36" DataSize=0 HostName=DESKTOP-6CVE2DL Ip="::1" Method=OPTIONS Path=/api/v1/user/info SpendTime="0 ms" status=204
time="2021-04-07 23:14:25" level=info Agent="Mozilla/5.0 (Windows NT 10.0; Win64; x64) AppleWebKit/537.36 (KHTML, like Gecko) Chrome/90.0.4430.11 Safari/537.36" DataSize=353 HostName=DESKTOP-6CVE2DL Ip="::1" Method=GET Path=/api/v1/user/info SpendTime="54 ms" status=200
time="2021-04-07 23:14:54" level=info Agent="Mozilla/5.0 (Windows NT 10.0; Win64; x64) AppleWebKit/537.36 (KHTML, like Gecko) Chrome/90.0.4430.11 Safari/537.36" DataSize=0 HostName=DESKTOP-6CVE2DL Ip="::1" Method=OPTIONS Path=/api/v1/login SpendTime="0 ms" status=204
time="2021-04-07 23:14:54" level=info Agent="Mozilla/5.0 (Windows NT 10.0; Win64; x64) AppleWebKit/537.36 (KHTML, like Gecko) Chrome/90.0.4430.11 Safari/537.36" DataSize=47 HostName=DESKTOP-6CVE2DL Ip="::1" Method=POST Path=/api/v1/login SpendTime="110 ms" status=200
time="2021-04-07 23:19:09" level=info Agent="Mozilla/5.0 (Windows NT 10.0; Win64; x64) AppleWebKit/537.36 (KHTML, like Gecko) Chrome/90.0.4430.11 Safari/537.36" DataSize=0 HostName=DESKTOP-6CVE2DL Ip="::1" Method=OPTIONS Path=/api/v1/user/info SpendTime="1 ms" status=204
time="2021-04-07 23:19:09" level=info Agent="Mozilla/5.0 (Windows NT 10.0; Win64; x64) AppleWebKit/537.36 (KHTML, like Gecko) Chrome/90.0.4430.11 Safari/537.36" DataSize=353 HostName=DESKTOP-6CVE2DL Ip="::1" Method=GET Path=/api/v1/user/info SpendTime="9 ms" status=200
time="2021-04-07 23:19:21" level=info Agent="Mozilla/5.0 (Windows NT 10.0; Win64; x64) AppleWebKit/537.36 (KHTML, like Gecko) Chrome/90.0.4430.11 Safari/537.36" DataSize=0 HostName=DESKTOP-6CVE2DL Ip="::1" Method=OPTIONS Path=/api/v1/user/info SpendTime="0 ms" status=204
time="2021-04-07 23:19:23" level=info Agent="Mozilla/5.0 (Windows NT 10.0; Win64; x64) AppleWebKit/537.36 (KHTML, like Gecko) Chrome/90.0.4430.11 Safari/537.36" DataSize=353 HostName=DESKTOP-6CVE2DL Ip="::1" Method=GET Path=/api/v1/user/info SpendTime="4 ms" status=200
time="2021-04-07 23:31:07" level=info Agent="Mozilla/5.0 (Windows NT 10.0; Win64; x64) AppleWebKit/537.36 (KHTML, like Gecko) Chrome/90.0.4430.11 Safari/537.36" DataSize=0 HostName=DESKTOP-6CVE2DL Ip="::1" Method=OPTIONS Path=/api/v1/user/info SpendTime="0 ms" status=204
time="2021-04-07 23:31:08" level=info Agent="Mozilla/5.0 (Windows NT 10.0; Win64; x64) AppleWebKit/537.36 (KHTML, like Gecko) Chrome/90.0.4430.11 Safari/537.36" DataSize=294 HostName=DESKTOP-6CVE2DL Ip="::1" Method=GET Path=/api/v1/user/info SpendTime="13 ms" status=200
time="2021-04-07 23:31:27" level=info Agent="Mozilla/5.0 (Windows NT 10.0; Win64; x64) AppleWebKit/537.36 (KHTML, like Gecko) Chrome/90.0.4430.11 Safari/537.36" DataSize=0 HostName=DESKTOP-6CVE2DL Ip="::1" Method=OPTIONS Path=/api/v1/login SpendTime="0 ms" status=204
time="2021-04-07 23:31:27" level=info Agent="Mozilla/5.0 (Windows NT 10.0; Win64; x64) AppleWebKit/537.36 (KHTML, like Gecko) Chrome/90.0.4430.11 Safari/537.36" DataSize=45 HostName=DESKTOP-6CVE2DL Ip="::1" Method=POST Path=/api/v1/login SpendTime="106 ms" status=200
time="2021-04-07 23:34:53" level=info Agent="Mozilla/5.0 (Windows NT 10.0; Win64; x64) AppleWebKit/537.36 (KHTML, like Gecko) Chrome/90.0.4430.11 Safari/537.36" DataSize=0 HostName=DESKTOP-6CVE2DL Ip="::1" Method=OPTIONS Path=/api/v1/user/add SpendTime="0 ms" status=204
time="2021-04-07 23:34:53" level=info Agent="Mozilla/5.0 (Windows NT 10.0; Win64; x64) AppleWebKit/537.36 (KHTML, like Gecko) Chrome/90.0.4430.11 Safari/537.36" DataSize=42 HostName=DESKTOP-6CVE2DL Ip="::1" Method=POST Path=/api/v1/user/add SpendTime="0 ms" status=200
time="2021-04-07 23:35:13" level=info Agent="Mozilla/5.0 (Windows NT 10.0; Win64; x64) AppleWebKit/537.36 (KHTML, like Gecko) Chrome/90.0.4430.11 Safari/537.36" DataSize=0 HostName=DESKTOP-6CVE2DL Ip="::1" Method=OPTIONS Path=/api/v1/user/add SpendTime="0 ms" status=204
time="2021-04-07 23:35:13" level=info Agent="Mozilla/5.0 (Windows NT 10.0; Win64; x64) AppleWebKit/537.36 (KHTML, like Gecko) Chrome/90.0.4430.11 Safari/537.36" DataSize=0 HostName=DESKTOP-6CVE2DL Ip="::1" Method=POST Path=/api/v1/user/add SpendTime="173 ms" status=200
time="2021-04-07 23:36:44" level=info Agent="Mozilla/5.0 (Windows NT 10.0; Win64; x64) AppleWebKit/537.36 (KHTML, like Gecko) Chrome/90.0.4430.11 Safari/537.36" DataSize=0 HostName=DESKTOP-6CVE2DL Ip="::1" Method=OPTIONS Path=/api/v1/user/info SpendTime="0 ms" status=204
time="2021-04-07 23:36:44" level=info Agent="Mozilla/5.0 (Windows NT 10.0; Win64; x64) AppleWebKit/537.36 (KHTML, like Gecko) Chrome/90.0.4430.11 Safari/537.36" DataSize=353 HostName=DESKTOP-6CVE2DL Ip="::1" Method=GET Path=/api/v1/user/info SpendTime="7 ms" status=200
time="2021-04-07 23:36:52" level=info Agent="Mozilla/5.0 (Windows NT 10.0; Win64; x64) AppleWebKit/537.36 (KHTML, like Gecko) Chrome/90.0.4430.11 Safari/537.36" DataSize=0 HostName=DESKTOP-6CVE2DL Ip="::1" Method=OPTIONS Path=/api/v1/user/add SpendTime="0 ms" status=204
time="2021-04-07 23:36:53" level=info Agent="Mozilla/5.0 (Windows NT 10.0; Win64; x64) AppleWebKit/537.36 (KHTML, like Gecko) Chrome/90.0.4430.11 Safari/537.36" DataSize=0 HostName=DESKTOP-6CVE2DL Ip="::1" Method=POST Path=/api/v1/user/add SpendTime="217 ms" status=200
time="2021-04-07 23:39:13" level=info Agent="Mozilla/5.0 (Windows NT 10.0; Win64; x64) AppleWebKit/537.36 (KHTML, like Gecko) Chrome/90.0.4430.11 Safari/537.36" DataSize=0 HostName=DESKTOP-6CVE2DL Ip="::1" Method=OPTIONS Path=/api/v1/user/info SpendTime="0 ms" status=204
time="2021-04-07 23:39:21" level=info Agent="Mozilla/5.0 (Windows NT 10.0; Win64; x64) AppleWebKit/537.36 (KHTML, like Gecko) Chrome/90.0.4430.11 Safari/537.36" DataSize=0 HostName=DESKTOP-6CVE2DL Ip="::1" Method=OPTIONS Path=/api/v1/user/add SpendTime="0 ms" status=204
time="2021-04-07 23:39:22" level=info Agent="Mozilla/5.0 (Windows NT 10.0; Win64; x64) AppleWebKit/537.36 (KHTML, like Gecko) Chrome/90.0.4430.11 Safari/537.36" DataSize=0 HostName=DESKTOP-6CVE2DL Ip="::1" Method=POST Path=/api/v1/user/add SpendTime="169 ms" status=200
time="2021-04-07 23:39:43" level=info Agent="Mozilla/5.0 (Windows NT 10.0; Win64; x64) AppleWebKit/537.36 (KHTML, like Gecko) Chrome/90.0.4430.11 Safari/537.36" DataSize=0 HostName=DESKTOP-6CVE2DL Ip="::1" Method=OPTIONS Path=/api/v1/user/info SpendTime="0 ms" status=204
time="2021-04-07 23:39:43" level=info Agent="Mozilla/5.0 (Windows NT 10.0; Win64; x64) AppleWebKit/537.36 (KHTML, like Gecko) Chrome/90.0.4430.11 Safari/537.36" DataSize=353 HostName=DESKTOP-6CVE2DL Ip="::1" Method=GET Path=/api/v1/user/info SpendTime="2 ms" status=200
time="2021-04-07 23:39:51" level=info Agent="Mozilla/5.0 (Windows NT 10.0; Win64; x64) AppleWebKit/537.36 (KHTML, like Gecko) Chrome/90.0.4430.11 Safari/537.36" DataSize=0 HostName=DESKTOP-6CVE2DL Ip="::1" Method=OPTIONS Path=/api/v1/user/add SpendTime="0 ms" status=204
time="2021-04-07 23:39:51" level=info Agent="Mozilla/5.0 (Windows NT 10.0; Win64; x64) AppleWebKit/537.36 (KHTML, like Gecko) Chrome/90.0.4430.11 Safari/537.36" DataSize=0 HostName=DESKTOP-6CVE2DL Ip="::1" Method=POST Path=/api/v1/user/add SpendTime="165 ms" status=200
time="2021-04-07 23:40:40" level=info Agent="Mozilla/5.0 (Windows NT 10.0; Win64; x64) AppleWebKit/537.36 (KHTML, like Gecko) Chrome/90.0.4430.11 Safari/537.36" DataSize=0 HostName=DESKTOP-6CVE2DL Ip="::1" Method=OPTIONS Path=/api/v1/user/info SpendTime="0 ms" status=204
time="2021-04-07 23:40:40" level=info Agent="Mozilla/5.0 (Windows NT 10.0; Win64; x64) AppleWebKit/537.36 (KHTML, like Gecko) Chrome/90.0.4430.11 Safari/537.36" DataSize=353 HostName=DESKTOP-6CVE2DL Ip="::1" Method=GET Path=/api/v1/user/info SpendTime="11 ms" status=200
time="2021-04-07 23:40:48" level=info Agent="Mozilla/5.0 (Windows NT 10.0; Win64; x64) AppleWebKit/537.36 (KHTML, like Gecko) Chrome/90.0.4430.11 Safari/537.36" DataSize=0 HostName=DESKTOP-6CVE2DL Ip="::1" Method=OPTIONS Path=/api/v1/user/add SpendTime="0 ms" status=204
time="2021-04-07 23:40:48" level=info Agent="Mozilla/5.0 (Windows NT 10.0; Win64; x64) AppleWebKit/537.36 (KHTML, like Gecko) Chrome/90.0.4430.11 Safari/537.36" DataSize=0 HostName=DESKTOP-6CVE2DL Ip="::1" Method=POST Path=/api/v1/user/add SpendTime="168 ms" status=200
time="2021-04-07 23:41:49" level=info Agent="Mozilla/5.0 (Windows NT 10.0; Win64; x64) AppleWebKit/537.36 (KHTML, like Gecko) Chrome/90.0.4430.11 Safari/537.36" DataSize=0 HostName=DESKTOP-6CVE2DL Ip="::1" Method=OPTIONS Path=/api/v1/user/info SpendTime="0 ms" status=204
time="2021-04-07 23:41:49" level=info Agent="Mozilla/5.0 (Windows NT 10.0; Win64; x64) AppleWebKit/537.36 (KHTML, like Gecko) Chrome/90.0.4430.11 Safari/537.36" DataSize=353 HostName=DESKTOP-6CVE2DL Ip="::1" Method=GET Path=/api/v1/user/info SpendTime="4 ms" status=200
time="2021-04-07 23:42:03" level=info Agent="Mozilla/5.0 (Windows NT 10.0; Win64; x64) AppleWebKit/537.36 (KHTML, like Gecko) Chrome/90.0.4430.11 Safari/537.36" DataSize=0 HostName=DESKTOP-6CVE2DL Ip="::1" Method=OPTIONS Path=/api/v1/user/add SpendTime="0 ms" status=204
time="2021-04-07 23:42:03" level=info Agent="Mozilla/5.0 (Windows NT 10.0; Win64; x64) AppleWebKit/537.36 (KHTML, like Gecko) Chrome/90.0.4430.11 Safari/537.36" DataSize=0 HostName=DESKTOP-6CVE2DL Ip="::1" Method=POST Path=/api/v1/user/add SpendTime="165 ms" status=200
time="2021-04-07 23:42:47" level=info Agent="Mozilla/5.0 (Windows NT 10.0; Win64; x64) AppleWebKit/537.36 (KHTML, like Gecko) Chrome/90.0.4430.11 Safari/537.36" DataSize=0 HostName=DESKTOP-6CVE2DL Ip="::1" Method=OPTIONS Path=/api/v1/user/info SpendTime="0 ms" status=204
time="2021-04-07 23:42:47" level=info Agent="Mozilla/5.0 (Windows NT 10.0; Win64; x64) AppleWebKit/537.36 (KHTML, like Gecko) Chrome/90.0.4430.11 Safari/537.36" DataSize=353 HostName=DESKTOP-6CVE2DL Ip="::1" Method=GET Path=/api/v1/user/info SpendTime="8 ms" status=200
time="2021-04-07 23:42:54" level=info Agent="Mozilla/5.0 (Windows NT 10.0; Win64; x64) AppleWebKit/537.36 (KHTML, like Gecko) Chrome/90.0.4430.11 Safari/537.36" DataSize=0 HostName=DESKTOP-6CVE2DL Ip="::1" Method=OPTIONS Path=/api/v1/user/add SpendTime="0 ms" status=204
time="2021-04-07 23:42:54" level=info Agent="Mozilla/5.0 (Windows NT 10.0; Win64; x64) AppleWebKit/537.36 (KHTML, like Gecko) Chrome/90.0.4430.11 Safari/537.36" DataSize=23 HostName=DESKTOP-6CVE2DL Ip="::1" Method=POST Path=/api/v1/user/add SpendTime="181 ms" status=200
time="2021-04-07 23:43:14" level=info Agent="Mozilla/5.0 (Windows NT 10.0; Win64; x64) AppleWebKit/537.36 (KHTML, like Gecko) Chrome/90.0.4430.11 Safari/537.36" DataSize=0 HostName=DESKTOP-6CVE2DL Ip="::1" Method=OPTIONS Path=/api/v1/login SpendTime="0 ms" status=204
time="2021-04-07 23:43:14" level=info Agent="Mozilla/5.0 (Windows NT 10.0; Win64; x64) AppleWebKit/537.36 (KHTML, like Gecko) Chrome/90.0.4430.11 Safari/537.36" DataSize=207 HostName=DESKTOP-6CVE2DL Ip="::1" Method=POST Path=/api/v1/login SpendTime="119 ms" status=200
time="2021-04-07 23:44:02" level=info Agent="Mozilla/5.0 (Windows NT 10.0; Win64; x64) AppleWebKit/537.36 (KHTML, like Gecko) Chrome/90.0.4430.11 Safari/537.36" DataSize=0 HostName=DESKTOP-6CVE2DL Ip="::1" Method=OPTIONS Path=/api/v1/user/info SpendTime="0 ms" status=204
time="2021-04-07 23:44:02" level=info Agent="Mozilla/5.0 (Windows NT 10.0; Win64; x64) AppleWebKit/537.36 (KHTML, like Gecko) Chrome/90.0.4430.11 Safari/537.36" DataSize=353 HostName=DESKTOP-6CVE2DL Ip="::1" Method=GET Path=/api/v1/user/info SpendTime="20 ms" status=200
time="2021-04-07 23:44:13" level=info Agent="Mozilla/5.0 (Windows NT 10.0; Win64; x64) AppleWebKit/537.36 (KHTML, like Gecko) Chrome/90.0.4430.11 Safari/537.36" DataSize=0 HostName=DESKTOP-6CVE2DL Ip="::1" Method=OPTIONS Path=/api/v1/login SpendTime="0 ms" status=204
time="2021-04-07 23:44:13" level=info Agent="Mozilla/5.0 (Windows NT 10.0; Win64; x64) AppleWebKit/537.36 (KHTML, like Gecko) Chrome/90.0.4430.11 Safari/537.36" DataSize=207 HostName=DESKTOP-6CVE2DL Ip="::1" Method=POST Path=/api/v1/login SpendTime="99 ms" status=200
time="2021-04-07 23:44:13" level=info Agent="Mozilla/5.0 (Windows NT 10.0; Win64; x64) AppleWebKit/537.36 (KHTML, like Gecko) Chrome/90.0.4430.11 Safari/537.36" DataSize=0 HostName=DESKTOP-6CVE2DL Ip="::1" Method=OPTIONS Path=/api/v1/user/info SpendTime="0 ms" status=204
time="2021-04-07 23:44:13" level=info Agent="Mozilla/5.0 (Windows NT 10.0; Win64; x64) AppleWebKit/537.36 (KHTML, like Gecko) Chrome/90.0.4430.11 Safari/537.36" DataSize=367 HostName=DESKTOP-6CVE2DL Ip="::1" Method=GET Path=/api/v1/user/info SpendTime="3 ms" status=200
time="2021-04-07 23:44:59" level=info Agent="Mozilla/5.0 (Windows NT 10.0; Win64; x64) AppleWebKit/537.36 (KHTML, like Gecko) Chrome/90.0.4430.11 Safari/537.36" DataSize=0 HostName=DESKTOP-6CVE2DL Ip="::1" Method=OPTIONS Path=/api/v1/user/info SpendTime="0 ms" status=204
time="2021-04-07 23:44:59" level=info Agent="Mozilla/5.0 (Windows NT 10.0; Win64; x64) AppleWebKit/537.36 (KHTML, like Gecko) Chrome/90.0.4430.11 Safari/537.36" DataSize=367 HostName=DESKTOP-6CVE2DL Ip="::1" Method=GET Path=/api/v1/user/info SpendTime="19 ms" status=200
