time="2021-03-29 16:02:53" level=info Agent="Mozilla/5.0 (Windows NT 10.0; WOW64) AppleWebKit/537.36 (KHTML, like Gecko) Chrome/89.0.4389.82 Safari/537.36" DataSize=0 HostName=DESKTOP-H83SQD6 Ip="::1" Method=GET Path=/api/v1/weather SpendTime="0 ms" status=200
time="2021-03-29 16:02:54" level=warning Agent="Mozilla/5.0 (Windows NT 10.0; WOW64) AppleWebKit/537.36 (KHTML, like Gecko) Chrome/89.0.4389.82 Safari/537.36" DataSize=0 HostName=DESKTOP-H83SQD6 Ip="::1" Method=GET Path=/favicon.ico SpendTime="0 ms" status=404
time="2021-03-29 16:03:41" level=info Agent="Mozilla/5.0 (Windows NT 10.0; WOW64) AppleWebKit/537.36 (KHTML, like Gecko) Chrome/89.0.4389.82 Safari/537.36" DataSize=0 HostName=DESKTOP-H83SQD6 Ip="::1" Method=GET Path=/api/v1/weather SpendTime="1 ms" status=200
time="2021-03-29 16:27:27" level=info Agent="Mozilla/5.0 (Windows NT 10.0; WOW64) AppleWebKit/537.36 (KHTML, like Gecko) Chrome/89.0.4389.82 Safari/537.36" DataSize=0 HostName=DESKTOP-H83SQD6 Ip="::1" Method=GET Path="/api/v1/weather?city=%E4%B8%8A%E6%B5%B7,%E4%B8%8A%E6%B5%B7,%E6%9D%BE%E6%B1%9F" SpendTime="0 ms" status=200
time="2021-03-29 16:30:37" level=info Agent="Mozilla/5.0 (Windows NT 10.0; WOW64) AppleWebKit/537.36 (KHTML, like Gecko) Chrome/89.0.4389.82 Safari/537.36" DataSize=0 HostName=DESKTOP-H83SQD6 Ip="::1" Method=GET Path="/api/v1/weather?city=%E4%B8%8A%E6%B5%B7,%E4%B8%8A%E6%B5%B7,%E6%9D%BE%E6%B1%9F" SpendTime="0 ms" status=200
time="2021-03-29 16:33:22" level=info Agent="Mozilla/5.0 (Windows NT 10.0; WOW64) AppleWebKit/537.36 (KHTML, like Gecko) Chrome/89.0.4389.82 Safari/537.36" DataSize=0 HostName=DESKTOP-H83SQD6 Ip="::1" Method=GET Path="/api/v1/weather?city=%E4%B8%8A%E6%B5%B7,%E4%B8%8A%E6%B5%B7,%E6%9D%BE%E6%B1%9F" SpendTime="0 ms" status=200
time="2021-03-29 16:33:52" level=info Agent="Mozilla/5.0 (Windows NT 10.0; WOW64) AppleWebKit/537.36 (KHTML, like Gecko) Chrome/89.0.4389.82 Safari/537.36" DataSize=0 HostName=DESKTOP-H83SQD6 Ip="::1" Method=GET Path="/api/v1/weather?city=%E4%B8%8A%E6%B5%B7,%E4%B8%8A%E6%B5%B7,%E6%9D%BE%E6%B1%9F" SpendTime="0 ms" status=200
time="2021-03-29 16:44:11" level=info Agent="Mozilla/5.0 (Windows NT 10.0; WOW64) AppleWebKit/537.36 (KHTML, like Gecko) Chrome/89.0.4389.82 Safari/537.36" DataSize=0 HostName=DESKTOP-H83SQD6 Ip="::1" Method=GET Path="/api/v1/weather?city=%E4%B8%8A%E6%B5%B7" SpendTime="0 ms" status=200
time="2021-03-29 16:44:26" level=info Agent="Mozilla/5.0 (Windows NT 10.0; WOW64) AppleWebKit/537.36 (KHTML, like Gecko) Chrome/89.0.4389.82 Safari/537.36" DataSize=0 HostName=DESKTOP-H83SQD6 Ip="::1" Method=GET Path="/api/v1/weather?city=%E4%B8%8A%E6%B5%B7,%E4%B8%8A%E6%B5%B7,%E6%9D%BE%E6%B1%9F" SpendTime="0 ms" status=200
time="2021-03-29 16:44:43" level=info Agent="Mozilla/5.0 (Windows NT 10.0; WOW64) AppleWebKit/537.36 (KHTML, like Gecko) Chrome/89.0.4389.82 Safari/537.36" DataSize=0 HostName=DESKTOP-H83SQD6 Ip="::1" Method=GET Path="/api/v1/weather?city=%E4%B8%8A%E6%B5%B7,%E4%B8%8A%E6%B5%B7,%E6%9D%BE%E6%B1%9F" SpendTime="0 ms" status=200
time="2021-03-29 16:50:30" level=info Agent="Mozilla/5.0 (Windows NT 10.0; WOW64) AppleWebKit/537.36 (KHTML, like Gecko) Chrome/89.0.4389.82 Safari/537.36" DataSize=1654 HostName=DESKTOP-H83SQD6 Ip="::1" Method=GET Path="/api/v1/weather?city=%E4%B8%8A%E6%B5%B7,%E4%B8%8A%E6%B5%B7,%E6%9D%BE%E6%B1%9F" SpendTime="2309 ms" status=200
time="2021-03-29 16:51:09" level=info Agent="Mozilla/5.0 (Windows NT 10.0; WOW64) AppleWebKit/537.36 (KHTML, like Gecko) Chrome/89.0.4389.82 Safari/537.36" DataSize=1654 HostName=DESKTOP-H83SQD6 Ip="::1" Method=GET Path="/api/v1/weather?city=%E4%B8%8A%E6%B5%B7,%E4%B8%8A%E6%B5%B7,%E6%9D%BE%E6%B1%9F" SpendTime="60 ms" status=200
time="2021-03-29 17:00:32" level=info Agent="Mozilla/5.0 (Windows NT 10.0; WOW64) AppleWebKit/537.36 (KHTML, like Gecko) Chrome/89.0.4389.82 Safari/537.36" DataSize=204 HostName=DESKTOP-H83SQD6 Ip="::1" Method=GET Path="/api/v1/citylist?city=%E4%B8%8A%E6%B5%B7,%E4%B8%8A%E6%B5%B7,%E6%9D%BE%E6%B1%9F" SpendTime="4 ms" status=200
time="2021-03-29 17:00:48" level=info Agent="Mozilla/5.0 (Windows NT 10.0; WOW64) AppleWebKit/537.36 (KHTML, like Gecko) Chrome/89.0.4389.82 Safari/537.36" DataSize=4005 HostName=DESKTOP-H83SQD6 Ip="::1" Method=GET Path="/api/v1/citylist?city=" SpendTime="0 ms" status=200
time="2021-03-29 17:01:16" level=info Agent="Mozilla/5.0 (Windows NT 10.0; WOW64) AppleWebKit/537.36 (KHTML, like Gecko) Chrome/89.0.4389.82 Safari/537.36" DataSize=72 HostName=DESKTOP-H83SQD6 Ip="::1" Method=GET Path="/api/v1/citylist?city=%E9%A6%99%E6%B8%AF" SpendTime="0 ms" status=200
time="2021-03-29 17:02:30" level=info Agent="Mozilla/5.0 (Windows NT 10.0; WOW64) AppleWebKit/537.36 (KHTML, like Gecko) Chrome/89.0.4389.82 Safari/537.36" DataSize=42 HostName=DESKTOP-H83SQD6 Ip="::1" Method=GET Path="/api/v1/weather?city=%E9%A6%99%E6%B8%AF,%E4%B9%9D%E9%BE%99" SpendTime="0 ms" status=200
time="2021-03-29 17:02:36" level=info Agent="Mozilla/5.0 (Windows NT 10.0; WOW64) AppleWebKit/537.36 (KHTML, like Gecko) Chrome/89.0.4389.82 Safari/537.36" DataSize=1668 HostName=DESKTOP-H83SQD6 Ip="::1" Method=GET Path="/api/v1/weather?city=%E4%B8%8A%E6%B5%B7" SpendTime="53 ms" status=200
time="2021-03-29 17:02:43" level=info Agent="Mozilla/5.0 (Windows NT 10.0; WOW64) AppleWebKit/537.36 (KHTML, like Gecko) Chrome/89.0.4389.82 Safari/537.36" DataSize=1713 HostName=DESKTOP-H83SQD6 Ip="::1" Method=GET Path="/api/v1/weather?city=%E9%A6%99%E6%B8%AF" SpendTime="79 ms" status=200
time="2021-03-29 17:02:55" level=info Agent="Mozilla/5.0 (Windows NT 10.0; WOW64) AppleWebKit/537.36 (KHTML, like Gecko) Chrome/89.0.4389.82 Safari/537.36" DataSize=42 HostName=DESKTOP-H83SQD6 Ip="::1" Method=GET Path="/api/v1/weather?city=%E9%A6%99%E6%B8%AF,%E4%B9%9D%E9%BE%99" SpendTime="0 ms" status=200
time="2021-03-29 17:03:00" level=info Agent="Mozilla/5.0 (Windows NT 10.0; WOW64) AppleWebKit/537.36 (KHTML, like Gecko) Chrome/89.0.4389.82 Safari/537.36" DataSize=1713 HostName=DESKTOP-H83SQD6 Ip="::1" Method=GET Path="/api/v1/weather?city=%E9%A6%99%E6%B8%AF" SpendTime="94 ms" status=200
time="2021-03-29 17:04:26" level=info Agent="Mozilla/5.0 (Windows NT 10.0; WOW64) AppleWebKit/537.36 (KHTML, like Gecko) Chrome/89.0.4389.82 Safari/537.36" DataSize=53 HostName=DESKTOP-H83SQD6 Ip="::1" Method=GET Path="/api/v1/weather/status?city=%E9%A6%99%E6%B8%AF" SpendTime="4 ms" status=200
time="2021-03-29 17:05:07" level=info Agent="Mozilla/5.0 (Windows NT 10.0; WOW64) AppleWebKit/537.36 (KHTML, like Gecko) Chrome/89.0.4389.82 Safari/537.36" DataSize=53 HostName=DESKTOP-H83SQD6 Ip="::1" Method=GET Path="/weather/status?city=%E9%A6%99%E6%B8%AF" SpendTime="6 ms" status=200
time="2021-03-29 17:06:10" level=info Agent="Mozilla/5.0 (Windows NT 10.0; WOW64) AppleWebKit/537.36 (KHTML, like Gecko) Chrome/89.0.4389.82 Safari/537.36" DataSize=53 HostName=DESKTOP-H83SQD6 Ip="::1" Method=GET Path="/weather/status?city=%E9%A6%99%E6%B8%AF" SpendTime="6 ms" status=200
time="2021-03-29 17:08:16" level=info Agent="Mozilla/5.0 (Windows NT 10.0; WOW64) AppleWebKit/537.36 (KHTML, like Gecko) Chrome/89.0.4389.82 Safari/537.36" DataSize=53 HostName=DESKTOP-H83SQD6 Ip="::1" Method=GET Path="/weather/status?city=%E9%A6%99%E6%B8%AF" SpendTime="5 ms" status=200
time="2021-03-29 17:08:29" level=info Agent="Mozilla/5.0 (Windows NT 10.0; WOW64) AppleWebKit/537.36 (KHTML, like Gecko) Chrome/89.0.4389.82 Safari/537.36" DataSize=53 HostName=DESKTOP-H83SQD6 Ip="::1" Method=GET Path="/weather/status?city=%E9%A6%99%E6%B8%AF" SpendTime="5 ms" status=200
time="2021-03-29 17:09:41" level=info Agent="Mozilla/5.0 (Windows NT 10.0; WOW64) AppleWebKit/537.36 (KHTML, like Gecko) Chrome/89.0.4389.82 Safari/537.36" DataSize=53 HostName=DESKTOP-H83SQD6 Ip="::1" Method=GET Path="/weather/status?city=%E9%A6%99%E6%B8%AF" SpendTime="9 ms" status=200
time="2021-03-29 17:14:29" level=info Agent="Mozilla/5.0 (Windows NT 10.0; WOW64) AppleWebKit/537.36 (KHTML, like Gecko) Chrome/89.0.4389.82 Safari/537.36" DataSize=1836 HostName=DESKTOP-H83SQD6 Ip="::1" Method=GET Path=/api/v1/articles SpendTime="27 ms" status=200
