time="2021-04-01 13:54:27" level=info Agent="Mozilla/5.0 (Windows NT 10.0; WOW64) AppleWebKit/537.36 (KHTML, like Gecko) Chrome/89.0.4389.90 Safari/537.36" DataSize=18 HostName=DESKTOP-H83SQD6 Ip="::1" Method=OPTIONS Path=/login SpendTime="0 ms" status=200
time="2021-04-01 13:55:38" level=info Agent="Mozilla/5.0 (Windows NT 10.0; WOW64) AppleWebKit/537.36 (KHTML, like Gecko) Chrome/89.0.4389.90 Safari/537.36" DataSize=18 HostName=DESKTOP-H83SQD6 Ip="::1" Method=OPTIONS Path=/login SpendTime="0 ms" status=200
time="2021-04-01 13:58:40" level=info Agent="Mozilla/5.0 (Windows NT 10.0; WOW64) AppleWebKit/537.36 (KHTML, like Gecko) Chrome/89.0.4389.90 Safari/537.36" DataSize=18 HostName=DESKTOP-H83SQD6 Ip="::1" Method=OPTIONS Path=/login SpendTime="0 ms" status=200
time="2021-04-01 14:00:28" level=info Agent="Mozilla/5.0 (Windows NT 10.0; WOW64) AppleWebKit/537.36 (KHTML, like Gecko) Chrome/89.0.4389.90 Safari/537.36" DataSize=0 HostName=DESKTOP-H83SQD6 Ip="::1" Method=OPTIONS Path=/login SpendTime="0 ms" status=204
time="2021-04-01 14:00:28" level=warning Agent="Mozilla/5.0 (Windows NT 10.0; WOW64) AppleWebKit/537.36 (KHTML, like Gecko) Chrome/89.0.4389.90 Safari/537.36" DataSize=0 HostName=DESKTOP-H83SQD6 Ip="::1" Method=POST Path=/login SpendTime="0 ms" status=404
time="2021-04-01 14:04:06" level=info Agent="Mozilla/5.0 (Windows NT 10.0; WOW64) AppleWebKit/537.36 (KHTML, like Gecko) Chrome/89.0.4389.90 Safari/537.36" DataSize=0 HostName=DESKTOP-H83SQD6 Ip="::1" Method=OPTIONS Path=/api/v1/login SpendTime="0 ms" status=204
time="2021-04-01 14:04:06" level=info Agent="Mozilla/5.0 (Windows NT 10.0; WOW64) AppleWebKit/537.36 (KHTML, like Gecko) Chrome/89.0.4389.90 Safari/537.36" DataSize=50 HostName=DESKTOP-H83SQD6 Ip="::1" Method=POST Path=/api/v1/login SpendTime="12 ms" status=200
time="2021-04-01 14:18:04" level=info Agent="Mozilla/5.0 (Windows NT 10.0; WOW64) AppleWebKit/537.36 (KHTML, like Gecko) Chrome/89.0.4389.90 Safari/537.36" DataSize=0 HostName=DESKTOP-H83SQD6 Ip="::1" Method=OPTIONS Path=/api/v1/user/add SpendTime="0 ms" status=204
time="2021-04-01 14:18:04" level=info Agent="Mozilla/5.0 (Windows NT 10.0; WOW64) AppleWebKit/537.36 (KHTML, like Gecko) Chrome/89.0.4389.90 Safari/537.36" DataSize=60 HostName=DESKTOP-H83SQD6 Ip="::1" Method=POST Path=/api/v1/user/add SpendTime="0 ms" status=200
time="2021-04-01 14:18:49" level=info Agent="Mozilla/5.0 (Windows NT 10.0; WOW64) AppleWebKit/537.36 (KHTML, like Gecko) Chrome/89.0.4389.90 Safari/537.36" DataSize=0 HostName=DESKTOP-H83SQD6 Ip="::1" Method=OPTIONS Path=/api/v1/user/add SpendTime="0 ms" status=204
time="2021-04-01 14:18:49" level=info Agent="Mozilla/5.0 (Windows NT 10.0; WOW64) AppleWebKit/537.36 (KHTML, like Gecko) Chrome/89.0.4389.90 Safari/537.36" DataSize=39 HostName=DESKTOP-H83SQD6 Ip="::1" Method=POST Path=/api/v1/user/add SpendTime="5 ms" status=200
time="2021-04-01 14:22:31" level=info Agent="Mozilla/5.0 (Windows NT 10.0; WOW64) AppleWebKit/537.36 (KHTML, like Gecko) Chrome/89.0.4389.90 Safari/537.36" DataSize=0 HostName=DESKTOP-H83SQD6 Ip="::1" Method=OPTIONS Path=/api/v1/user/add SpendTime="0 ms" status=204
time="2021-04-01 14:22:31" level=info Agent="Mozilla/5.0 (Windows NT 10.0; WOW64) AppleWebKit/537.36 (KHTML, like Gecko) Chrome/89.0.4389.90 Safari/537.36" DataSize=60 HostName=DESKTOP-H83SQD6 Ip="::1" Method=POST Path=/api/v1/user/add SpendTime="1 ms" status=200
time="2021-04-01 14:22:41" level=info Agent="Mozilla/5.0 (Windows NT 10.0; WOW64) AppleWebKit/537.36 (KHTML, like Gecko) Chrome/89.0.4389.90 Safari/537.36" DataSize=0 HostName=DESKTOP-H83SQD6 Ip="::1" Method=OPTIONS Path=/api/v1/user/add SpendTime="0 ms" status=204
time="2021-04-01 14:22:41" level=info Agent="Mozilla/5.0 (Windows NT 10.0; WOW64) AppleWebKit/537.36 (KHTML, like Gecko) Chrome/89.0.4389.90 Safari/537.36" DataSize=60 HostName=DESKTOP-H83SQD6 Ip="::1" Method=POST Path=/api/v1/user/add SpendTime="2 ms" status=200
time="2021-04-01 14:22:50" level=info Agent="Mozilla/5.0 (Windows NT 10.0; WOW64) AppleWebKit/537.36 (KHTML, like Gecko) Chrome/89.0.4389.90 Safari/537.36" DataSize=0 HostName=DESKTOP-H83SQD6 Ip="::1" Method=OPTIONS Path=/api/v1/user/add SpendTime="0 ms" status=204
time="2021-04-01 14:22:50" level=info Agent="Mozilla/5.0 (Windows NT 10.0; WOW64) AppleWebKit/537.36 (KHTML, like Gecko) Chrome/89.0.4389.90 Safari/537.36" DataSize=60 HostName=DESKTOP-H83SQD6 Ip="::1" Method=POST Path=/api/v1/user/add SpendTime="0 ms" status=200
time="2021-04-01 14:24:08" level=info Agent="Mozilla/5.0 (Windows NT 10.0; WOW64) AppleWebKit/537.36 (KHTML, like Gecko) Chrome/89.0.4389.90 Safari/537.36" DataSize=0 HostName=DESKTOP-H83SQD6 Ip="::1" Method=OPTIONS Path=/api/v1/user/add SpendTime="0 ms" status=204
time="2021-04-01 14:24:08" level=info Agent="Mozilla/5.0 (Windows NT 10.0; WOW64) AppleWebKit/537.36 (KHTML, like Gecko) Chrome/89.0.4389.90 Safari/537.36" DataSize=60 HostName=DESKTOP-H83SQD6 Ip="::1" Method=POST Path=/api/v1/user/add SpendTime="0 ms" status=200
time="2021-04-01 14:24:30" level=info Agent="Mozilla/5.0 (Windows NT 10.0; WOW64) AppleWebKit/537.36 (KHTML, like Gecko) Chrome/89.0.4389.90 Safari/537.36" DataSize=0 HostName=DESKTOP-H83SQD6 Ip="::1" Method=OPTIONS Path=/api/v1/user/add SpendTime="0 ms" status=204
time="2021-04-01 14:24:30" level=info Agent="Mozilla/5.0 (Windows NT 10.0; WOW64) AppleWebKit/537.36 (KHTML, like Gecko) Chrome/89.0.4389.90 Safari/537.36" DataSize=60 HostName=DESKTOP-H83SQD6 Ip="::1" Method=POST Path=/api/v1/user/add SpendTime="1 ms" status=200
time="2021-04-01 14:25:24" level=info Agent="Mozilla/5.0 (Windows NT 10.0; WOW64) AppleWebKit/537.36 (KHTML, like Gecko) Chrome/89.0.4389.90 Safari/537.36" DataSize=0 HostName=DESKTOP-H83SQD6 Ip="::1" Method=OPTIONS Path=/api/v1/user/add SpendTime="0 ms" status=204
time="2021-04-01 14:25:24" level=info Agent="Mozilla/5.0 (Windows NT 10.0; WOW64) AppleWebKit/537.36 (KHTML, like Gecko) Chrome/89.0.4389.90 Safari/537.36" DataSize=39 HostName=DESKTOP-H83SQD6 Ip="::1" Method=POST Path=/api/v1/user/add SpendTime="3 ms" status=200
time="2021-04-01 14:25:38" level=info Agent="Mozilla/5.0 (Windows NT 10.0; WOW64) AppleWebKit/537.36 (KHTML, like Gecko) Chrome/89.0.4389.90 Safari/537.36" DataSize=0 HostName=DESKTOP-H83SQD6 Ip="::1" Method=OPTIONS Path=/api/v1/login SpendTime="0 ms" status=204
time="2021-04-01 14:25:38" level=info Agent="Mozilla/5.0 (Windows NT 10.0; WOW64) AppleWebKit/537.36 (KHTML, like Gecko) Chrome/89.0.4389.90 Safari/537.36" DataSize=50 HostName=DESKTOP-H83SQD6 Ip="::1" Method=POST Path=/api/v1/login SpendTime="2 ms" status=200
time="2021-04-01 14:26:09" level=info Agent="Mozilla/5.0 (Windows NT 10.0; WOW64) AppleWebKit/537.36 (KHTML, like Gecko) Chrome/89.0.4389.90 Safari/537.36" DataSize=0 HostName=DESKTOP-H83SQD6 Ip="::1" Method=OPTIONS Path=/api/v1/user/add SpendTime="0 ms" status=204
time="2021-04-01 14:26:09" level=info Agent="Mozilla/5.0 (Windows NT 10.0; WOW64) AppleWebKit/537.36 (KHTML, like Gecko) Chrome/89.0.4389.90 Safari/537.36" DataSize=39 HostName=DESKTOP-H83SQD6 Ip="::1" Method=POST Path=/api/v1/user/add SpendTime="3 ms" status=200
time="2021-04-01 14:26:17" level=info Agent="Mozilla/5.0 (Windows NT 10.0; WOW64) AppleWebKit/537.36 (KHTML, like Gecko) Chrome/89.0.4389.90 Safari/537.36" DataSize=0 HostName=DESKTOP-H83SQD6 Ip="::1" Method=OPTIONS Path=/api/v1/login SpendTime="0 ms" status=204
time="2021-04-01 14:26:17" level=info Agent="Mozilla/5.0 (Windows NT 10.0; WOW64) AppleWebKit/537.36 (KHTML, like Gecko) Chrome/89.0.4389.90 Safari/537.36" DataSize=50 HostName=DESKTOP-H83SQD6 Ip="::1" Method=POST Path=/api/v1/login SpendTime="1 ms" status=200
time="2021-04-01 14:27:22" level=info Agent="Mozilla/5.0 (Windows NT 10.0; WOW64) AppleWebKit/537.36 (KHTML, like Gecko) Chrome/89.0.4389.90 Safari/537.36" DataSize=0 HostName=DESKTOP-H83SQD6 Ip="::1" Method=OPTIONS Path=/api/v1/login SpendTime="0 ms" status=204
time="2021-04-01 14:27:22" level=info Agent="Mozilla/5.0 (Windows NT 10.0; WOW64) AppleWebKit/537.36 (KHTML, like Gecko) Chrome/89.0.4389.90 Safari/537.36" DataSize=50 HostName=DESKTOP-H83SQD6 Ip="::1" Method=POST Path=/api/v1/login SpendTime="1 ms" status=200
time="2021-04-01 14:27:34" level=info Agent="Mozilla/5.0 (Windows NT 10.0; WOW64) AppleWebKit/537.36 (KHTML, like Gecko) Chrome/89.0.4389.90 Safari/537.36" DataSize=0 HostName=DESKTOP-H83SQD6 Ip="::1" Method=OPTIONS Path=/api/v1/user/add SpendTime="0 ms" status=204
time="2021-04-01 14:27:34" level=info Agent="Mozilla/5.0 (Windows NT 10.0; WOW64) AppleWebKit/537.36 (KHTML, like Gecko) Chrome/89.0.4389.90 Safari/537.36" DataSize=39 HostName=DESKTOP-H83SQD6 Ip="::1" Method=POST Path=/api/v1/user/add SpendTime="13 ms" status=200
time="2021-04-01 14:29:14" level=info Agent="Mozilla/5.0 (Windows NT 10.0; WOW64) AppleWebKit/537.36 (KHTML, like Gecko) Chrome/89.0.4389.90 Safari/537.36" DataSize=0 HostName=DESKTOP-H83SQD6 Ip="::1" Method=OPTIONS Path=/api/v1/user/add SpendTime="0 ms" status=204
time="2021-04-01 14:29:14" level=info Agent="Mozilla/5.0 (Windows NT 10.0; WOW64) AppleWebKit/537.36 (KHTML, like Gecko) Chrome/89.0.4389.90 Safari/537.36" DataSize=25 HostName=DESKTOP-H83SQD6 Ip="::1" Method=POST Path=/api/v1/user/add SpendTime="74 ms" status=200
time="2021-04-01 14:31:37" level=info Agent="Mozilla/5.0 (Windows NT 10.0; WOW64) AppleWebKit/537.36 (KHTML, like Gecko) Chrome/89.0.4389.90 Safari/537.36" DataSize=0 HostName=DESKTOP-H83SQD6 Ip="::1" Method=OPTIONS Path=/api/v1/user/add SpendTime="0 ms" status=204
time="2021-04-01 14:31:37" level=info Agent="Mozilla/5.0 (Windows NT 10.0; WOW64) AppleWebKit/537.36 (KHTML, like Gecko) Chrome/89.0.4389.90 Safari/537.36" DataSize=60 HostName=DESKTOP-H83SQD6 Ip="::1" Method=POST Path=/api/v1/user/add SpendTime="0 ms" status=200
time="2021-04-01 14:31:44" level=info Agent="Mozilla/5.0 (Windows NT 10.0; WOW64) AppleWebKit/537.36 (KHTML, like Gecko) Chrome/89.0.4389.90 Safari/537.36" DataSize=0 HostName=DESKTOP-H83SQD6 Ip="::1" Method=OPTIONS Path=/api/v1/user/add SpendTime="0 ms" status=204
time="2021-04-01 14:31:44" level=info Agent="Mozilla/5.0 (Windows NT 10.0; WOW64) AppleWebKit/537.36 (KHTML, like Gecko) Chrome/89.0.4389.90 Safari/537.36" DataSize=64 HostName=DESKTOP-H83SQD6 Ip="::1" Method=POST Path=/api/v1/user/add SpendTime="3 ms" status=200
time="2021-04-01 14:31:55" level=info Agent="Mozilla/5.0 (Windows NT 10.0; WOW64) AppleWebKit/537.36 (KHTML, like Gecko) Chrome/89.0.4389.90 Safari/537.36" DataSize=0 HostName=DESKTOP-H83SQD6 Ip="::1" Method=OPTIONS Path=/api/v1/user/add SpendTime="0 ms" status=204
time="2021-04-01 14:31:55" level=info Agent="Mozilla/5.0 (Windows NT 10.0; WOW64) AppleWebKit/537.36 (KHTML, like Gecko) Chrome/89.0.4389.90 Safari/537.36" DataSize=64 HostName=DESKTOP-H83SQD6 Ip="::1" Method=POST Path=/api/v1/user/add SpendTime="3 ms" status=200
time="2021-04-01 14:32:05" level=info Agent="Mozilla/5.0 (Windows NT 10.0; WOW64) AppleWebKit/537.36 (KHTML, like Gecko) Chrome/89.0.4389.90 Safari/537.36" DataSize=0 HostName=DESKTOP-H83SQD6 Ip="::1" Method=OPTIONS Path=/api/v1/user/add SpendTime="0 ms" status=204
time="2021-04-01 14:32:05" level=info Agent="Mozilla/5.0 (Windows NT 10.0; WOW64) AppleWebKit/537.36 (KHTML, like Gecko) Chrome/89.0.4389.90 Safari/537.36" DataSize=64 HostName=DESKTOP-H83SQD6 Ip="::1" Method=POST Path=/api/v1/user/add SpendTime="2 ms" status=200
time="2021-04-01 14:34:42" level=info Agent="Mozilla/5.0 (Windows NT 10.0; WOW64) AppleWebKit/537.36 (KHTML, like Gecko) Chrome/89.0.4389.90 Safari/537.36" DataSize=0 HostName=DESKTOP-H83SQD6 Ip="::1" Method=OPTIONS Path=/api/v1/user/add SpendTime="0 ms" status=204
time="2021-04-01 14:34:42" level=info Agent="Mozilla/5.0 (Windows NT 10.0; WOW64) AppleWebKit/537.36 (KHTML, like Gecko) Chrome/89.0.4389.90 Safari/537.36" DataSize=64 HostName=DESKTOP-H83SQD6 Ip="::1" Method=POST Path=/api/v1/user/add SpendTime="4 ms" status=200
time="2021-04-01 14:34:46" level=info Agent="Mozilla/5.0 (Windows NT 10.0; WOW64) AppleWebKit/537.36 (KHTML, like Gecko) Chrome/89.0.4389.90 Safari/537.36" DataSize=64 HostName=DESKTOP-H83SQD6 Ip="::1" Method=POST Path=/api/v1/user/add SpendTime="0 ms" status=200
time="2021-04-01 14:36:02" level=info Agent="Mozilla/5.0 (Windows NT 10.0; WOW64) AppleWebKit/537.36 (KHTML, like Gecko) Chrome/89.0.4389.90 Safari/537.36" DataSize=0 HostName=DESKTOP-H83SQD6 Ip="::1" Method=OPTIONS Path=/api/v1/user/add SpendTime="0 ms" status=204
time="2021-04-01 14:36:02" level=info Agent="Mozilla/5.0 (Windows NT 10.0; WOW64) AppleWebKit/537.36 (KHTML, like Gecko) Chrome/89.0.4389.90 Safari/537.36" DataSize=25 HostName=DESKTOP-H83SQD6 Ip="::1" Method=POST Path=/api/v1/user/add SpendTime="122 ms" status=200
time="2021-04-01 14:37:10" level=info Agent="Mozilla/5.0 (Windows NT 10.0; WOW64) AppleWebKit/537.36 (KHTML, like Gecko) Chrome/89.0.4389.90 Safari/537.36" DataSize=0 HostName=DESKTOP-H83SQD6 Ip="::1" Method=OPTIONS Path=/api/v1/login SpendTime="0 ms" status=204
time="2021-04-01 14:37:10" level=info Agent="Mozilla/5.0 (Windows NT 10.0; WOW64) AppleWebKit/537.36 (KHTML, like Gecko) Chrome/89.0.4389.90 Safari/537.36" DataSize=53 HostName=DESKTOP-H83SQD6 Ip="::1" Method=POST Path=/api/v1/login SpendTime="56 ms" status=200
time="2021-04-01 14:39:56" level=info Agent="Mozilla/5.0 (Windows NT 10.0; WOW64) AppleWebKit/537.36 (KHTML, like Gecko) Chrome/89.0.4389.90 Safari/537.36" DataSize=0 HostName=DESKTOP-H83SQD6 Ip="::1" Method=OPTIONS Path=/api/v1/login SpendTime="0 ms" status=204
time="2021-04-01 14:39:56" level=info Agent="Mozilla/5.0 (Windows NT 10.0; WOW64) AppleWebKit/537.36 (KHTML, like Gecko) Chrome/89.0.4389.90 Safari/537.36" DataSize=200 HostName=DESKTOP-H83SQD6 Ip="::1" Method=POST Path=/api/v1/login SpendTime="52 ms" status=200
time="2021-04-01 14:49:32" level=info Agent="Mozilla/5.0 (Windows NT 10.0; WOW64) AppleWebKit/537.36 (KHTML, like Gecko) Chrome/89.0.4389.90 Safari/537.36" DataSize=0 HostName=DESKTOP-H83SQD6 Ip="::1" Method=OPTIONS Path=/api/v1/login SpendTime="0 ms" status=204
time="2021-04-01 14:49:32" level=info Agent="Mozilla/5.0 (Windows NT 10.0; WOW64) AppleWebKit/537.36 (KHTML, like Gecko) Chrome/89.0.4389.90 Safari/537.36" DataSize=47 HostName=DESKTOP-H83SQD6 Ip="::1" Method=POST Path=/api/v1/login SpendTime="53 ms" status=200
time="2021-04-01 14:49:38" level=info Agent="Mozilla/5.0 (Windows NT 10.0; WOW64) AppleWebKit/537.36 (KHTML, like Gecko) Chrome/89.0.4389.90 Safari/537.36" DataSize=0 HostName=DESKTOP-H83SQD6 Ip="::1" Method=OPTIONS Path=/api/v1/login SpendTime="0 ms" status=204
time="2021-04-01 14:49:38" level=info Agent="Mozilla/5.0 (Windows NT 10.0; WOW64) AppleWebKit/537.36 (KHTML, like Gecko) Chrome/89.0.4389.90 Safari/537.36" DataSize=200 HostName=DESKTOP-H83SQD6 Ip="::1" Method=POST Path=/api/v1/login SpendTime="49 ms" status=200
time="2021-04-01 14:51:53" level=info Agent="Mozilla/5.0 (Windows NT 10.0; WOW64) AppleWebKit/537.36 (KHTML, like Gecko) Chrome/89.0.4389.90 Safari/537.36" DataSize=0 HostName=DESKTOP-H83SQD6 Ip="::1" Method=OPTIONS Path=/api/v1/login SpendTime="0 ms" status=204
time="2021-04-01 14:51:53" level=info Agent="Mozilla/5.0 (Windows NT 10.0; WOW64) AppleWebKit/537.36 (KHTML, like Gecko) Chrome/89.0.4389.90 Safari/537.36" DataSize=200 HostName=DESKTOP-H83SQD6 Ip="::1" Method=POST Path=/api/v1/login SpendTime="51 ms" status=200
time="2021-04-01 15:02:34" level=info Agent="Mozilla/5.0 (Windows NT 10.0; WOW64) AppleWebKit/537.36 (KHTML, like Gecko) Chrome/89.0.4389.90 Safari/537.36" DataSize=0 HostName=DESKTOP-H83SQD6 Ip="::1" Method=OPTIONS Path=/api/v1/login SpendTime="0 ms" status=204
time="2021-04-01 15:02:34" level=info Agent="Mozilla/5.0 (Windows NT 10.0; WOW64) AppleWebKit/537.36 (KHTML, like Gecko) Chrome/89.0.4389.90 Safari/537.36" DataSize=200 HostName=DESKTOP-H83SQD6 Ip="::1" Method=POST Path=/api/v1/login SpendTime="55 ms" status=200
